[2025-10-06T20:32:44.314+0000] {taskinstance.py:1083} INFO - Dependencies all met for <TaskInstance: regression_pipeline_dag.build_save_model_task manual__2025-10-06T20:32:34.326728+00:00 [queued]>
[2025-10-06T20:32:44.318+0000] {taskinstance.py:1083} INFO - Dependencies all met for <TaskInstance: regression_pipeline_dag.build_save_model_task manual__2025-10-06T20:32:34.326728+00:00 [queued]>
[2025-10-06T20:32:44.318+0000] {taskinstance.py:1279} INFO - 
--------------------------------------------------------------------------------
[2025-10-06T20:32:44.318+0000] {taskinstance.py:1280} INFO - Starting attempt 1 of 2
[2025-10-06T20:32:44.318+0000] {taskinstance.py:1281} INFO - 
--------------------------------------------------------------------------------
[2025-10-06T20:32:44.324+0000] {taskinstance.py:1300} INFO - Executing <Task(PythonOperator): build_save_model_task> on 2025-10-06 20:32:34.326728+00:00
[2025-10-06T20:32:44.330+0000] {standard_task_runner.py:55} INFO - Started process 6432 to run task
[2025-10-06T20:32:44.332+0000] {standard_task_runner.py:82} INFO - Running: ['***', 'tasks', 'run', 'regression_pipeline_dag', 'build_save_model_task', 'manual__2025-10-06T20:32:34.326728+00:00', '--job-id', '12', '--raw', '--subdir', 'DAGS_FOLDER/***.py', '--cfg-path', '/tmp/tmp0ww7weze']
[2025-10-06T20:32:44.333+0000] {standard_task_runner.py:83} INFO - Job 12: Subtask build_save_model_task
[2025-10-06T20:32:44.358+0000] {task_command.py:388} INFO - Running <TaskInstance: regression_pipeline_dag.build_save_model_task manual__2025-10-06T20:32:34.326728+00:00 [running]> on host 378432d0311b
[2025-10-06T20:32:44.388+0000] {taskinstance.py:1509} INFO - Exporting the following env vars:
AIRFLOW_CTX_DAG_OWNER=abhinav
AIRFLOW_CTX_DAG_ID=regression_pipeline_dag
AIRFLOW_CTX_TASK_ID=build_save_model_task
AIRFLOW_CTX_EXECUTION_DATE=2025-10-06T20:32:34.326728+00:00
AIRFLOW_CTX_TRY_NUMBER=1
AIRFLOW_CTX_DAG_RUN_ID=manual__2025-10-06T20:32:34.326728+00:00
[2025-10-06T20:32:44.395+0000] {python.py:177} INFO - Done. Returned value was: 31.454835527366832
[2025-10-06T20:32:44.405+0000] {taskinstance.py:1323} INFO - Marking task as SUCCESS. dag_id=regression_pipeline_dag, task_id=build_save_model_task, execution_date=20251006T203234, start_date=20251006T203244, end_date=20251006T203244
[2025-10-06T20:32:44.430+0000] {local_task_job.py:208} INFO - Task exited with return code 0
[2025-10-06T20:32:44.443+0000] {taskinstance.py:2578} INFO - 1 downstream tasks scheduled from follow-on schedule check
