[2025-10-06T20:32:42.680+0000] {taskinstance.py:1083} INFO - Dependencies all met for <TaskInstance: regression_pipeline_dag.load_data_task manual__2025-10-06T20:32:34.326728+00:00 [queued]>
[2025-10-06T20:32:42.686+0000] {taskinstance.py:1083} INFO - Dependencies all met for <TaskInstance: regression_pipeline_dag.load_data_task manual__2025-10-06T20:32:34.326728+00:00 [queued]>
[2025-10-06T20:32:42.686+0000] {taskinstance.py:1279} INFO - 
--------------------------------------------------------------------------------
[2025-10-06T20:32:42.686+0000] {taskinstance.py:1280} INFO - Starting attempt 1 of 2
[2025-10-06T20:32:42.686+0000] {taskinstance.py:1281} INFO - 
--------------------------------------------------------------------------------
[2025-10-06T20:32:42.692+0000] {taskinstance.py:1300} INFO - Executing <Task(PythonOperator): load_data_task> on 2025-10-06 20:32:34.326728+00:00
[2025-10-06T20:32:42.698+0000] {standard_task_runner.py:55} INFO - Started process 6426 to run task
[2025-10-06T20:32:42.701+0000] {standard_task_runner.py:82} INFO - Running: ['***', 'tasks', 'run', 'regression_pipeline_dag', 'load_data_task', 'manual__2025-10-06T20:32:34.326728+00:00', '--job-id', '10', '--raw', '--subdir', 'DAGS_FOLDER/***.py', '--cfg-path', '/tmp/tmp8ylp7eap']
[2025-10-06T20:32:42.704+0000] {standard_task_runner.py:83} INFO - Job 10: Subtask load_data_task
[2025-10-06T20:32:42.744+0000] {task_command.py:388} INFO - Running <TaskInstance: regression_pipeline_dag.load_data_task manual__2025-10-06T20:32:34.326728+00:00 [running]> on host 378432d0311b
[2025-10-06T20:32:42.776+0000] {taskinstance.py:1509} INFO - Exporting the following env vars:
AIRFLOW_CTX_DAG_OWNER=abhinav
AIRFLOW_CTX_DAG_ID=regression_pipeline_dag
AIRFLOW_CTX_TASK_ID=load_data_task
AIRFLOW_CTX_EXECUTION_DATE=2025-10-06T20:32:34.326728+00:00
AIRFLOW_CTX_TRY_NUMBER=1
AIRFLOW_CTX_DAG_RUN_ID=manual__2025-10-06T20:32:34.326728+00:00
[2025-10-06T20:32:42.787+0000] {python.py:177} INFO - Done. Returned value was: b'\x80\x03cpandas.core.frame\nDataFrame\nq\x00)\x81q\x01}q\x02(X\x04\x00\x00\x00_mgrq\x03cpandas.core.internals.managers\nBlockManager\nq\x04cfunctools\npartial\nq\x05cpandas.core.internals.blocks\nnew_block\nq\x06\x85q\x07Rq\x08(h\x06)}q\tX\x04\x00\x00\x00ndimq\nK\x02sNtq\x0bbcnumpy.core.multiarray\n_reconstruct\nq\x0ccnumpy\nndarray\nq\rK\x00\x85q\x0eC\x01bq\x0f\x87q\x10Rq\x11(K\x01K\x01K\x14\x86q\x12cnumpy\ndtype\nq\x13X\x02\x00\x00\x00f8q\x14\x89\x88\x87q\x15Rq\x16(K\x03X\x01\x00\x00\x00<q\x17NNNJ\xff\xff\xff\xffJ\xff\xff\xff\xffK\x00tq\x18b\x89C\xa0\x9a\x99\x99\x99\x99\x99\x05@ffffff\n@ffffff\x14@ffffff\x0e@\x00\x00\x00\x00\x00\x00\xf8?\x9a\x99\x99\x99\x99\x99\t@\x00\x00\x00\x00\x00\x00\x12@\xcd\xcc\xcc\xcc\xcc\xcc!@\x00\x00\x00\x00\x00\x00!@\x00\x00\x00\x00\x00\x00\x0c@\x9a\x99\x99\x99\x99\x99\x05@ffffff\xfe?333333\x13@ffffff\x18@333333\x1f@\x00\x00\x00\x00\x00\x00\x16@\xcd\xcc\xcc\xcc\xcc\xcc\x1e@\x9a\x99\x99\x99\x99\x99\xf1?\x9a\x99\x99\x99\x99\x99\x1d@ffffff"@q\x19tq\x1abcbuiltins\nslice\nq\x1bK\x00K\x01K\x01\x87q\x1cRq\x1d\x86q\x1eRq\x1fh\x05h\x06\x85q Rq!(h\x06)}q"h\nK\x02sNtq#bh\x0ch\rK\x00\x85q$h\x0f\x87q%Rq&(K\x01K\x01K\x14\x86q\'h\x13X\x02\x00\x00\x00i8q(\x89\x88\x87q)Rq*(K\x03h\x17NNNJ\xff\xff\xff\xffJ\xff\xff\xff\xffK\x00tq+b\x89C\xa0\x19\x00\x00\x00\x00\x00\x00\x00*\x00\x00\x00\x00\x00\x00\x00/\x00\x00\x00\x00\x00\x00\x00#\x00\x00\x00\x00\x00\x00\x00\x14\x00\x00\x00\x00\x00\x00\x00\x1b\x00\x00\x00\x00\x00\x00\x00)\x00\x00\x00\x00\x00\x00\x00_\x00\x00\x00\x00\x00\x00\x00K\x00\x00\x00\x00\x00\x00\x00\x1e\x00\x00\x00\x00\x00\x00\x00\x1e\x00\x00\x00\x00\x00\x00\x00\x18\x00\x00\x00\x00\x00\x00\x006\x00\x00\x00\x00\x00\x00\x00C\x00\x00\x00\x00\x00\x00\x00V\x00\x00\x00\x00\x00\x00\x00<\x00\x00\x00\x00\x00\x00\x00U\x00\x00\x00\x00\x00\x00\x00\x11\x00\x00\x00\x00\x00\x00\x00E\x00\x00\x00\x00\x00\x00\x00X\x00\x00\x00\x00\x00\x00\x00q,tq-bh\x1bK\x01K\x02K\x01\x87q.Rq/\x86q0Rq1\x86q2]q3(cpandas.core.indexes.base\n_new_Index\nq4cpandas.core.indexes.base\nIndex\nq5}q6(X\x04\x00\x00\x00dataq7h\x0ch\rK\x00\x85q8h\x0f\x87q9Rq:(K\x01K\x02\x85q;h\x13X\x02\x00\x00\x00O8q<\x89\x88\x87q=Rq>(K\x03X\x01\x00\x00\x00|q?NNNJ\xff\xff\xff\xffJ\xff\xff\xff\xffK?tq@b\x89]qA(X\x05\x00\x00\x00HoursqBX\x06\x00\x00\x00ScoresqCetqDbX\x04\x00\x00\x00nameqENu\x86qFRqGh4cpandas.core.indexes.range\nRangeIndex\nqH}qI(hENX\x05\x00\x00\x00startqJK\x00X\x04\x00\x00\x00stopqKK\x14X\x04\x00\x00\x00stepqLK\x01u\x86qMRqNe\x86qORqPX\x04\x00\x00\x00_typqQX\t\x00\x00\x00dataframeqRX\t\x00\x00\x00_metadataqS]qTX\x05\x00\x00\x00attrsqU}qVX\x06\x00\x00\x00_flagsqW}qXX\x17\x00\x00\x00allows_duplicate_labelsqY\x88sub.'
[2025-10-06T20:32:42.799+0000] {taskinstance.py:1323} INFO - Marking task as SUCCESS. dag_id=regression_pipeline_dag, task_id=load_data_task, execution_date=20251006T203234, start_date=20251006T203242, end_date=20251006T203242
[2025-10-06T20:32:42.844+0000] {local_task_job.py:208} INFO - Task exited with return code 0
[2025-10-06T20:32:42.857+0000] {taskinstance.py:2578} INFO - 1 downstream tasks scheduled from follow-on schedule check
