[2025-10-06T20:32:40.838+0000] {taskinstance.py:1083} INFO - Dependencies all met for <TaskInstance: regression_pipeline_dag.start_message manual__2025-10-06T20:32:34.326728+00:00 [queued]>
[2025-10-06T20:32:40.913+0000] {taskinstance.py:1083} INFO - Dependencies all met for <TaskInstance: regression_pipeline_dag.start_message manual__2025-10-06T20:32:34.326728+00:00 [queued]>
[2025-10-06T20:32:40.914+0000] {taskinstance.py:1279} INFO - 
--------------------------------------------------------------------------------
[2025-10-06T20:32:40.914+0000] {taskinstance.py:1280} INFO - Starting attempt 1 of 2
[2025-10-06T20:32:40.915+0000] {taskinstance.py:1281} INFO - 
--------------------------------------------------------------------------------
[2025-10-06T20:32:40.954+0000] {taskinstance.py:1300} INFO - Executing <Task(BashOperator): start_message> on 2025-10-06 20:32:34.326728+00:00
[2025-10-06T20:32:41.000+0000] {standard_task_runner.py:55} INFO - Started process 6422 to run task
[2025-10-06T20:32:41.012+0000] {standard_task_runner.py:82} INFO - Running: ['***', 'tasks', 'run', 'regression_pipeline_dag', 'start_message', 'manual__2025-10-06T20:32:34.326728+00:00', '--job-id', '9', '--raw', '--subdir', 'DAGS_FOLDER/***.py', '--cfg-path', '/tmp/tmp55497hv_']
[2025-10-06T20:32:41.019+0000] {standard_task_runner.py:83} INFO - Job 9: Subtask start_message
[2025-10-06T20:32:41.279+0000] {task_command.py:388} INFO - Running <TaskInstance: regression_pipeline_dag.start_message manual__2025-10-06T20:32:34.326728+00:00 [running]> on host 378432d0311b
[2025-10-06T20:32:41.351+0000] {taskinstance.py:1509} INFO - Exporting the following env vars:
AIRFLOW_CTX_DAG_OWNER=abhinav
AIRFLOW_CTX_DAG_ID=regression_pipeline_dag
AIRFLOW_CTX_TASK_ID=start_message
AIRFLOW_CTX_EXECUTION_DATE=2025-10-06T20:32:34.326728+00:00
AIRFLOW_CTX_TRY_NUMBER=1
AIRFLOW_CTX_DAG_RUN_ID=manual__2025-10-06T20:32:34.326728+00:00
[2025-10-06T20:32:41.354+0000] {subprocess.py:63} INFO - Tmp dir root location: 
 /tmp
[2025-10-06T20:32:41.355+0000] {subprocess.py:75} INFO - Running command: ['/bin/bash', '-c', 'echo "Starting the Airflow Regression DAG pipeline..."']
[2025-10-06T20:32:41.375+0000] {subprocess.py:86} INFO - Output:
[2025-10-06T20:32:41.386+0000] {subprocess.py:93} INFO - Starting the Airflow Regression DAG pipeline...
[2025-10-06T20:32:41.387+0000] {subprocess.py:97} INFO - Command exited with return code 0
[2025-10-06T20:32:41.407+0000] {taskinstance.py:1323} INFO - Marking task as SUCCESS. dag_id=regression_pipeline_dag, task_id=start_message, execution_date=20251006T203234, start_date=20251006T203240, end_date=20251006T203241
[2025-10-06T20:32:41.438+0000] {local_task_job.py:208} INFO - Task exited with return code 0
[2025-10-06T20:32:41.467+0000] {taskinstance.py:2578} INFO - 1 downstream tasks scheduled from follow-on schedule check
