[2025-10-06T20:32:43.380+0000] {taskinstance.py:1083} INFO - Dependencies all met for <TaskInstance: regression_pipeline_dag.data_preprocessing_task manual__2025-10-06T20:32:34.326728+00:00 [queued]>
[2025-10-06T20:32:43.384+0000] {taskinstance.py:1083} INFO - Dependencies all met for <TaskInstance: regression_pipeline_dag.data_preprocessing_task manual__2025-10-06T20:32:34.326728+00:00 [queued]>
[2025-10-06T20:32:43.384+0000] {taskinstance.py:1279} INFO - 
--------------------------------------------------------------------------------
[2025-10-06T20:32:43.384+0000] {taskinstance.py:1280} INFO - Starting attempt 1 of 2
[2025-10-06T20:32:43.384+0000] {taskinstance.py:1281} INFO - 
--------------------------------------------------------------------------------
[2025-10-06T20:32:43.390+0000] {taskinstance.py:1300} INFO - Executing <Task(PythonOperator): data_preprocessing_task> on 2025-10-06 20:32:34.326728+00:00
[2025-10-06T20:32:43.394+0000] {standard_task_runner.py:55} INFO - Started process 6429 to run task
[2025-10-06T20:32:43.397+0000] {standard_task_runner.py:82} INFO - Running: ['***', 'tasks', 'run', 'regression_pipeline_dag', 'data_preprocessing_task', 'manual__2025-10-06T20:32:34.326728+00:00', '--job-id', '11', '--raw', '--subdir', 'DAGS_FOLDER/***.py', '--cfg-path', '/tmp/tmp6zia_l5n']
[2025-10-06T20:32:43.398+0000] {standard_task_runner.py:83} INFO - Job 11: Subtask data_preprocessing_task
[2025-10-06T20:32:43.429+0000] {task_command.py:388} INFO - Running <TaskInstance: regression_pipeline_dag.data_preprocessing_task manual__2025-10-06T20:32:34.326728+00:00 [running]> on host 378432d0311b
[2025-10-06T20:32:43.465+0000] {taskinstance.py:1509} INFO - Exporting the following env vars:
AIRFLOW_CTX_DAG_OWNER=abhinav
AIRFLOW_CTX_DAG_ID=regression_pipeline_dag
AIRFLOW_CTX_TASK_ID=data_preprocessing_task
AIRFLOW_CTX_EXECUTION_DATE=2025-10-06T20:32:34.326728+00:00
AIRFLOW_CTX_TRY_NUMBER=1
AIRFLOW_CTX_DAG_RUN_ID=manual__2025-10-06T20:32:34.326728+00:00
[2025-10-06T20:32:43.485+0000] {python.py:177} INFO - Done. Returned value was: b'\x80\x03cnumpy.core.multiarray\n_reconstruct\nq\x00cnumpy\nndarray\nq\x01K\x00\x85q\x02C\x01bq\x03\x87q\x04Rq\x05(K\x01K\x14K\x01\x86q\x06cnumpy\ndtype\nq\x07X\x02\x00\x00\x00f8q\x08\x89\x88\x87q\tRq\n(K\x03X\x01\x00\x00\x00<q\x0bNNNJ\xff\xff\xff\xffJ\xff\xff\xff\xffK\x00tq\x0cb\x89C\xa0\xe1\xe9\xd6\xfc\xb0H\xc9?\xca\xc0\xd3\xad\xf9a\xd1?X\xa4\x0c<\xdd\x9a\xdf?VUUUUU\xd5?\xe0\xe9\xd6\xfc\xb0H\xa9?|\t\xed%\xb4\x97\xd0?~X\xa4\x0c<\xdd\xda?\x0b\xed%\xb4\x97\xd0\xee?k~X\xa4\x0c<\xed?h/\xa1\xbd\x84\xf6\xd2?\xe1\xe9\xd6\xfc\xb0H\xc9?\xe0\xe9\xd6\xfc\xb0H\xb9?j~X\xa4\x0c<\xdd?\xb7\xe6\x87E\xca\xc0\xe3?\xd7\xfc\xb0H\x19x\xea?\xca\xc0\xd3\xad\xf9a\xe1?0\xa1\xbd\x84\xf6\x12\xea?\x00\x00\x00\x00\x00\x00\x00\x009\x8e\xe38\x8e\xe3\xe8?\xff\xff\xff\xff\xff\xff\xef?q\rtq\x0ebcpandas.core.series\nSeries\nq\x0f)\x81q\x10}q\x11(X\x04\x00\x00\x00_mgrq\x12cpandas.core.internals.managers\nSingleBlockManager\nq\x13)\x81q\x14(]q\x15cpandas.core.indexes.base\n_new_Index\nq\x16cpandas.core.indexes.numeric\nInt64Index\nq\x17}q\x18(X\x04\x00\x00\x00dataq\x19h\x00h\x01K\x00\x85q\x1ah\x03\x87q\x1bRq\x1c(K\x01K\x14\x85q\x1dh\x07X\x02\x00\x00\x00i8q\x1e\x89\x88\x87q\x1fRq (K\x03h\x0bNNNJ\xff\xff\xff\xffJ\xff\xff\xff\xffK\x00tq!b\x89C\xa0\x00\x00\x00\x00\x00\x00\x00\x00\x01\x00\x00\x00\x00\x00\x00\x00\x02\x00\x00\x00\x00\x00\x00\x00\x03\x00\x00\x00\x00\x00\x00\x00\x04\x00\x00\x00\x00\x00\x00\x00\x05\x00\x00\x00\x00\x00\x00\x00\x06\x00\x00\x00\x00\x00\x00\x00\x07\x00\x00\x00\x00\x00\x00\x00\x08\x00\x00\x00\x00\x00\x00\x00\t\x00\x00\x00\x00\x00\x00\x00\n\x00\x00\x00\x00\x00\x00\x00\x0b\x00\x00\x00\x00\x00\x00\x00\x0c\x00\x00\x00\x00\x00\x00\x00\r\x00\x00\x00\x00\x00\x00\x00\x0e\x00\x00\x00\x00\x00\x00\x00\x0f\x00\x00\x00\x00\x00\x00\x00\x10\x00\x00\x00\x00\x00\x00\x00\x11\x00\x00\x00\x00\x00\x00\x00\x12\x00\x00\x00\x00\x00\x00\x00\x13\x00\x00\x00\x00\x00\x00\x00q"tq#bX\x04\x00\x00\x00nameq$Nu\x86q%Rq&a]q\'h\x00h\x01K\x00\x85q(h\x03\x87q)Rq*(K\x01K\x14\x85q+h\x07X\x02\x00\x00\x00i8q,\x89\x88\x87q-Rq.(K\x03h\x0bNNNJ\xff\xff\xff\xffJ\xff\xff\xff\xffK\x00tq/b\x89C\xa0\x19\x00\x00\x00\x00\x00\x00\x00*\x00\x00\x00\x00\x00\x00\x00/\x00\x00\x00\x00\x00\x00\x00#\x00\x00\x00\x00\x00\x00\x00\x14\x00\x00\x00\x00\x00\x00\x00\x1b\x00\x00\x00\x00\x00\x00\x00)\x00\x00\x00\x00\x00\x00\x00_\x00\x00\x00\x00\x00\x00\x00K\x00\x00\x00\x00\x00\x00\x00\x1e\x00\x00\x00\x00\x00\x00\x00\x1e\x00\x00\x00\x00\x00\x00\x00\x18\x00\x00\x00\x00\x00\x00\x006\x00\x00\x00\x00\x00\x00\x00C\x00\x00\x00\x00\x00\x00\x00V\x00\x00\x00\x00\x00\x00\x00<\x00\x00\x00\x00\x00\x00\x00U\x00\x00\x00\x00\x00\x00\x00\x11\x00\x00\x00\x00\x00\x00\x00E\x00\x00\x00\x00\x00\x00\x00X\x00\x00\x00\x00\x00\x00\x00q0tq1ba]q2h\x16h\x17}q3(h\x19h\x00h\x01K\x00\x85q4h\x03\x87q5Rq6(K\x01K\x14\x85q7h \x89C\xa0\x00\x00\x00\x00\x00\x00\x00\x00\x01\x00\x00\x00\x00\x00\x00\x00\x02\x00\x00\x00\x00\x00\x00\x00\x03\x00\x00\x00\x00\x00\x00\x00\x04\x00\x00\x00\x00\x00\x00\x00\x05\x00\x00\x00\x00\x00\x00\x00\x06\x00\x00\x00\x00\x00\x00\x00\x07\x00\x00\x00\x00\x00\x00\x00\x08\x00\x00\x00\x00\x00\x00\x00\t\x00\x00\x00\x00\x00\x00\x00\n\x00\x00\x00\x00\x00\x00\x00\x0b\x00\x00\x00\x00\x00\x00\x00\x0c\x00\x00\x00\x00\x00\x00\x00\r\x00\x00\x00\x00\x00\x00\x00\x0e\x00\x00\x00\x00\x00\x00\x00\x0f\x00\x00\x00\x00\x00\x00\x00\x10\x00\x00\x00\x00\x00\x00\x00\x11\x00\x00\x00\x00\x00\x00\x00\x12\x00\x00\x00\x00\x00\x00\x00\x13\x00\x00\x00\x00\x00\x00\x00q8tq9bh$Nu\x86q:Rq;a}q<X\x06\x00\x00\x000.14.1q=}q>(X\x04\x00\x00\x00axesq?h\x15X\x06\x00\x00\x00blocksq@]qA}qB(X\x06\x00\x00\x00valuesqCh*X\x08\x00\x00\x00mgr_locsqDcbuiltins\nslice\nqEK\x00K\x14K\x01\x87qFRqGuaustqHbX\x04\x00\x00\x00_typqIX\x06\x00\x00\x00seriesqJX\t\x00\x00\x00_metadataqK]qLh$aX\x05\x00\x00\x00attrsqM}qNX\x06\x00\x00\x00_flagsqO}qPX\x17\x00\x00\x00allows_duplicate_labelsqQ\x88sh$X\x06\x00\x00\x00ScoresqRub\x86qS.'
[2025-10-06T20:32:43.504+0000] {taskinstance.py:1323} INFO - Marking task as SUCCESS. dag_id=regression_pipeline_dag, task_id=data_preprocessing_task, execution_date=20251006T203234, start_date=20251006T203243, end_date=20251006T203243
[2025-10-06T20:32:43.554+0000] {local_task_job.py:208} INFO - Task exited with return code 0
[2025-10-06T20:32:43.611+0000] {taskinstance.py:2578} INFO - 0 downstream tasks scheduled from follow-on schedule check
